<?xml version="1.0" encoding="UTF-8"?>
<!-- Generated by org.testng.reporters.JUnitReportReporter -->
<testsuite skipped="0" hostname="Satishs-iMac.local" name="com.qa.test.TestNG_Dataprovider" tests="3" failures="0" timestamp="28 Jun 2019 05:58:34 GMT" time="0.961" errors="0">
  <testcase name="testFaceBook" time="0.358" classname="com.qa.test.TestNG_Dataprovider"/>
  <testcase name="testFaceBook" time="0.301" classname="com.qa.test.TestNG_Dataprovider"/>
  <testcase name="testFaceBook" time="0.302" classname="com.qa.test.TestNG_Dataprovider"/>
</testsuite> <!-- com.qa.test.TestNG_Dataprovider -->
