<?xml version="1.0" encoding="UTF-8"?>
<!-- Generated by org.testng.reporters.JUnitReportReporter -->
<testsuite skipped="0" hostname="Satishs-iMac.local" name="com.qa.test.ScreenRecordDemo" tests="1" failures="0" timestamp="28 Jun 2019 06:11:32 GMT" time="20.133" errors="0">
  <testcase name="navigation" time="20.133" classname="com.qa.test.ScreenRecordDemo"/>
</testsuite> <!-- com.qa.test.ScreenRecordDemo -->
